0 info it worked if it ends with ok
1 verbose cli [ '/Users/stuartrunyan/.nvm/versions/node/v6.0.0/bin/node',
1 verbose cli   '/Users/stuartrunyan/.nvm/versions/node/v6.0.0/bin/npm',
1 verbose cli   'publish' ]
2 info using npm@3.9.5
3 info using node@v6.0.0
4 verbose publish [ '.' ]
5 silly cache add args [ '.', null ]
6 verbose cache add spec .
7 silly cache add parsed spec Result {
7 silly cache add   raw: '.',
7 silly cache add   scope: null,
7 silly cache add   name: null,
7 silly cache add   rawSpec: '.',
7 silly cache add   spec: '/Users/stuartrunyan/projects/poke-alex',
7 silly cache add   type: 'directory' }
8 verbose addLocalDirectory /Users/stuartrunyan/.npm/poke-alex-in-the-eye/1.0.0/package.tgz not in flight; packing
9 verbose correctMkdir /Users/stuartrunyan/.npm correctMkdir not in flight; initializing
10 info lifecycle poke-alex-in-the-eye@1.0.0~prepublish: poke-alex-in-the-eye@1.0.0
11 silly lifecycle poke-alex-in-the-eye@1.0.0~prepublish: no script for prepublish, continuing
12 verbose tar pack [ '/Users/stuartrunyan/.npm/poke-alex-in-the-eye/1.0.0/package.tgz',
12 verbose tar pack   '/Users/stuartrunyan/projects/poke-alex' ]
13 verbose tarball /Users/stuartrunyan/.npm/poke-alex-in-the-eye/1.0.0/package.tgz
14 verbose folder /Users/stuartrunyan/projects/poke-alex
15 verbose addLocalTarball adding from inside cache /Users/stuartrunyan/.npm/poke-alex-in-the-eye/1.0.0/package.tgz
16 verbose correctMkdir /Users/stuartrunyan/.npm correctMkdir not in flight; initializing
17 silly cache afterAdd poke-alex-in-the-eye@1.0.0
18 verbose afterAdd /Users/stuartrunyan/.npm/poke-alex-in-the-eye/1.0.0/package/package.json not in flight; writing
19 verbose correctMkdir /Users/stuartrunyan/.npm correctMkdir not in flight; initializing
20 verbose afterAdd /Users/stuartrunyan/.npm/poke-alex-in-the-eye/1.0.0/package/package.json written
21 silly publish { name: 'poke-alex-in-the-eye',
21 silly publish   version: '1.0.0',
21 silly publish   description: 'Poke Alex in the Eye: The Text Adventure',
21 silly publish   main: 'index.js',
21 silly publish   scripts: { start: 'node index.js' },
21 silly publish   author: { name: 'Stuart Runyan' },
21 silly publish   license: 'MIT',
21 silly publish   repository:
21 silly publish    { type: 'git',
21 silly publish      url: 'git+https://github.com/shrunyan/poke-alex-in-the-eye.git' },
21 silly publish   readme: '[Poke Alex in the Eye: The Text Adventure](http://www.pokealexintheeye.com/)\n',
21 silly publish   readmeFilename: 'README.md',
21 silly publish   gitHead: 'b40dd28e6049b78362845308462f20c82d0b6ca7',
21 silly publish   bugs: { url: 'https://github.com/shrunyan/poke-alex-in-the-eye/issues' },
21 silly publish   homepage: 'https://github.com/shrunyan/poke-alex-in-the-eye#readme',
21 silly publish   _id: 'poke-alex-in-the-eye@1.0.0',
21 silly publish   _shasum: '740539d68cf432837a946f736e26824f6d6bd615',
21 silly publish   _from: '.' }
22 verbose getPublishConfig undefined
23 silly mapToRegistry name poke-alex-in-the-eye
24 silly mapToRegistry using default registry
25 silly mapToRegistry registry https://registry.npmjs.org/
26 silly mapToRegistry data Result {
26 silly mapToRegistry   raw: 'poke-alex-in-the-eye',
26 silly mapToRegistry   scope: null,
26 silly mapToRegistry   name: 'poke-alex-in-the-eye',
26 silly mapToRegistry   rawSpec: '',
26 silly mapToRegistry   spec: 'latest',
26 silly mapToRegistry   type: 'tag' }
27 silly mapToRegistry uri https://registry.npmjs.org/poke-alex-in-the-eye
28 verbose publish registryBase https://registry.npmjs.org/
29 silly publish uploading /Users/stuartrunyan/.npm/poke-alex-in-the-eye/1.0.0/package.tgz
30 verbose request uri https://registry.npmjs.org/poke-alex-in-the-eye
31 verbose request sending authorization for write operation
32 info attempt registry request try #1 at 11:06:46 PM
33 verbose request using bearer token for auth
34 verbose request id 4f60a90ae23be7f7
35 http request PUT https://registry.npmjs.org/poke-alex-in-the-eye
36 http 403 https://registry.npmjs.org/poke-alex-in-the-eye
37 verbose headers { 'content-type': 'application/json',
37 verbose headers   'cache-control': 'max-age=300',
37 verbose headers   'content-length': '95',
37 verbose headers   'accept-ranges': 'bytes',
37 verbose headers   date: 'Wed, 15 Jun 2016 06:06:46 GMT',
37 verbose headers   via: '1.1 varnish',
37 verbose headers   connection: 'keep-alive',
37 verbose headers   'x-served-by': 'cache-lax1422-LAX',
37 verbose headers   'x-cache': 'MISS',
37 verbose headers   'x-cache-hits': '0',
37 verbose headers   'x-timer': 'S1465970806.455592,VS0,VE185',
37 verbose headers   vary: 'Accept-Encoding' }
38 verbose request invalidating /Users/stuartrunyan/.npm/registry.npmjs.org/poke-alex-in-the-eye on PUT
39 error publish Failed PUT 403
40 verbose stack Error: "You cannot publish over the previously published version 1.0.0." : poke-alex-in-the-eye
40 verbose stack     at makeError (/Users/stuartrunyan/.nvm/versions/node/v6.0.0/lib/node_modules/npm/node_modules/npm-registry-client/lib/request.js:264:12)
40 verbose stack     at CachingRegistryClient.<anonymous> (/Users/stuartrunyan/.nvm/versions/node/v6.0.0/lib/node_modules/npm/node_modules/npm-registry-client/lib/request.js:252:14)
40 verbose stack     at Request._callback (/Users/stuartrunyan/.nvm/versions/node/v6.0.0/lib/node_modules/npm/node_modules/npm-registry-client/lib/request.js:172:14)
40 verbose stack     at Request.self.callback (/Users/stuartrunyan/.nvm/versions/node/v6.0.0/lib/node_modules/npm/node_modules/request/request.js:200:22)
40 verbose stack     at emitTwo (events.js:106:13)
40 verbose stack     at Request.emit (events.js:191:7)
40 verbose stack     at Request.<anonymous> (/Users/stuartrunyan/.nvm/versions/node/v6.0.0/lib/node_modules/npm/node_modules/request/request.js:1067:10)
40 verbose stack     at emitOne (events.js:101:20)
40 verbose stack     at Request.emit (events.js:188:7)
40 verbose stack     at IncomingMessage.<anonymous> (/Users/stuartrunyan/.nvm/versions/node/v6.0.0/lib/node_modules/npm/node_modules/request/request.js:988:12)
41 verbose statusCode 403
42 verbose pkgid poke-alex-in-the-eye
43 verbose cwd /Users/stuartrunyan/projects/poke-alex
44 error Darwin 15.5.0
45 error argv "/Users/stuartrunyan/.nvm/versions/node/v6.0.0/bin/node" "/Users/stuartrunyan/.nvm/versions/node/v6.0.0/bin/npm" "publish"
46 error node v6.0.0
47 error npm  v3.9.5
48 error code E403
49 error "You cannot publish over the previously published version 1.0.0." : poke-alex-in-the-eye
50 error If you need help, you may report this error at:
50 error     <https://github.com/npm/npm/issues>
51 verbose exit [ 1, true ]
